<?xml version="1.0" encoding="utf-8"?>
<CoverageSession xmlns:xsd="http://www.w3.org/2001/XMLSchema" xmlns:xsi="http://www.w3.org/2001/XMLSchema-instance" Version="4.7.922.0">
  <Summary numSequencePoints="214" visitedSequencePoints="0" numBranchPoints="81" visitedBranchPoints="0" sequenceCoverage="0" branchCoverage="0" maxCyclomaticComplexity="7" minCyclomaticComplexity="1" maxCrapScore="56" minCrapScore="2" visitedClasses="0" numClasses="9" visitedMethods="0" numMethods="37" />
  <Modules>
    <Module hash="E3-B1-6B-83-80-E5-46-D8-3A-E3-2F-1D-9F-9A-7B-A2-42-3B-78-4E">
      <Summary numSequencePoints="214" visitedSequencePoints="0" numBranchPoints="81" visitedBranchPoints="0" sequenceCoverage="0" branchCoverage="0" maxCyclomaticComplexity="7" minCyclomaticComplexity="1" maxCrapScore="56" minCrapScore="2" visitedClasses="0" numClasses="9" visitedMethods="0" numMethods="37" />
      <ModulePath>C:\Users\M\source\repos\IP\LAB1\bin\Debug\fine-code-coverage\build-output\LAB1.exe</ModulePath>
      <ModuleTime>2021-02-19T17:08:34.8651451Z</ModuleTime>
      <ModuleName>LAB1</ModuleName>
      <Files>
        <File uid="1" fullPath="C:\Users\M\source\repos\IP\LAB1\Exam.cs" />
        <File uid="2" fullPath="C:\Users\M\source\repos\IP\LAB1\MyTests.cs" />
        <File uid="3" fullPath="C:\Users\M\source\repos\IP\LAB1\Professor.cs" />
        <File uid="4" fullPath="C:\Users\M\source\repos\IP\LAB1\Question.cs" />
        <File uid="5" fullPath="C:\Users\M\source\repos\IP\LAB1\MultipleAnswerQuestion.cs" />
        <File uid="6" fullPath="C:\Users\M\source\repos\IP\LAB1\Program.cs" />
        <File uid="7" fullPath="C:\Users\M\source\repos\IP\LAB1\SingleAnswerQuestion.cs" />
        <File uid="8" fullPath="C:\Users\M\source\repos\IP\LAB1\Student.cs" />
        <File uid="9" fullPath="C:\Users\M\source\repos\IP\LAB1\TrueFalseQuestion.cs" />
      </Files>
      <Classes>
        <Class>
          <Summary numSequencePoints="44" visitedSequencePoints="0" numBranchPoints="17" visitedBranchPoints="0" sequenceCoverage="0" branchCoverage="0" maxCyclomaticComplexity="4" minCyclomaticComplexity="1" maxCrapScore="20" minCrapScore="2" visitedClasses="0" numClasses="1" visitedMethods="0" numMethods="7" />
          <FullName>LAB1.Exam</FullName>
          <Methods>
            <Method visited="false" cyclomaticComplexity="1" nPathComplexity="0" sequenceCoverage="0" branchCoverage="0" crapScore="2" isConstructor="true" isStatic="false" isGetter="false" isSetter="false">
              <Summary numSequencePoints="8" visitedSequencePoints="0" numBranchPoints="1" visitedBranchPoints="0" sequenceCoverage="0" branchCoverage="0" maxCyclomaticComplexity="1" minCyclomaticComplexity="1" maxCrapScore="2" minCrapScore="2" visitedClasses="0" numClasses="0" visitedMethods="0" numMethods="1" />
              <MetadataToken>100663297</MetadataToken>
              <Name>System.Void LAB1.Exam::.ctor(System.Collections.Generic.List`1&lt;LAB1.Question&gt;,System.Int32)</Name>
              <FileRef uid="1" />
              <SequencePoints>
                <SequencePoint vc="0" uspid="1" ordinal="0" offset="0" sl="15" sc="9" el="15" ec="60" bec="0" bev="0" fileid="1" />
                <SequencePoint vc="0" uspid="2" ordinal="1" offset="7" sl="15" sc="61" el="15" ec="62" bec="0" bev="0" fileid="1" />
                <SequencePoint vc="0" uspid="3" ordinal="2" offset="8" sl="16" sc="13" el="16" ec="35" bec="0" bev="0" fileid="1" />
                <SequencePoint vc="0" uspid="4" ordinal="3" offset="15" sl="17" sc="13" el="17" ec="38" bec="0" bev="0" fileid="1" />
                <SequencePoint vc="0" uspid="5" ordinal="4" offset="26" sl="18" sc="13" el="18" ec="38" bec="0" bev="0" fileid="1" />
                <SequencePoint vc="0" uspid="6" ordinal="5" offset="33" sl="20" sc="13" el="20" ec="51" bec="0" bev="0" fileid="1" />
                <SequencePoint vc="0" uspid="7" ordinal="6" offset="50" sl="21" sc="13" el="21" ec="31" bec="0" bev="0" fileid="1" />
                <SequencePoint vc="0" uspid="8" ordinal="7" offset="57" sl="22" sc="9" el="22" ec="10" bec="0" bev="0" fileid="1" />
              </SequencePoints>
              <BranchPoints />
              <MethodPoint xsi:type="SequencePoint" vc="0" uspid="1" ordinal="0" offset="0" sl="15" sc="9" el="15" ec="60" bec="0" bev="0" fileid="1" />
            </Method>
            <Method visited="false" cyclomaticComplexity="3" nPathComplexity="4" sequenceCoverage="0" branchCoverage="0" crapScore="12" isConstructor="false" isStatic="false" isGetter="false" isSetter="false">
              <Summary numSequencePoints="5" visitedSequencePoints="0" numBranchPoints="5" visitedBranchPoints="0" sequenceCoverage="0" branchCoverage="0" maxCyclomaticComplexity="3" minCyclomaticComplexity="3" maxCrapScore="12" minCrapScore="12" visitedClasses="0" numClasses="0" visitedMethods="0" numMethods="1" />
              <MetadataToken>100663298</MetadataToken>
              <Name>System.String LAB1.Exam::getQuestionDescription(System.Int32)</Name>
              <FileRef uid="1" />
              <SequencePoints>
                <SequencePoint vc="0" uspid="9" ordinal="0" offset="0" sl="26" sc="9" el="26" ec="10" bec="0" bev="0" fileid="1" />
                <SequencePoint vc="0" uspid="10" ordinal="1" offset="1" sl="27" sc="13" el="27" ec="55" bec="4" bev="0" fileid="1" />
                <SequencePoint vc="0" uspid="11" ordinal="2" offset="26" sl="28" sc="17" el="28" ec="53" bec="0" bev="0" fileid="1" />
                <SequencePoint vc="0" uspid="12" ordinal="3" offset="46" sl="30" sc="17" el="30" ec="29" bec="0" bev="0" fileid="1" />
                <SequencePoint vc="0" uspid="13" ordinal="4" offset="50" sl="32" sc="9" el="32" ec="10" bec="0" bev="0" fileid="1" />
              </SequencePoints>
              <BranchPoints>
                <BranchPoint vc="0" uspid="14" ordinal="0" offset="3" sl="27" path="0" offsetend="5" fileid="1" />
                <BranchPoint vc="0" uspid="15" ordinal="1" offset="3" sl="27" path="1" offsetend="21" fileid="1" />
                <BranchPoint vc="0" uspid="16" ordinal="2" offset="24" sl="27" path="0" offsetend="26" fileid="1" />
                <BranchPoint vc="0" uspid="17" ordinal="3" offset="24" sl="27" path="1" offsetend="46" fileid="1" />
              </BranchPoints>
              <MethodPoint xsi:type="SequencePoint" vc="0" uspid="9" ordinal="0" offset="0" sl="26" sc="9" el="26" ec="10" bec="0" bev="0" fileid="1" />
            </Method>
            <Method visited="false" cyclomaticComplexity="1" nPathComplexity="0" sequenceCoverage="0" branchCoverage="0" crapScore="2" isConstructor="false" isStatic="false" isGetter="false" isSetter="false">
              <Summary numSequencePoints="3" visitedSequencePoints="0" numBranchPoints="1" visitedBranchPoints="0" sequenceCoverage="0" branchCoverage="0" maxCyclomaticComplexity="1" minCyclomaticComplexity="1" maxCrapScore="2" minCrapScore="2" visitedClasses="0" numClasses="0" visitedMethods="0" numMethods="1" />
              <MetadataToken>100663299</MetadataToken>
              <Name>System.Int32 LAB1.Exam::getRemainingTime()</Name>
              <FileRef uid="1" />
              <SequencePoints>
                <SequencePoint vc="0" uspid="18" ordinal="0" offset="0" sl="34" sc="9" el="34" ec="10" bec="0" bev="0" fileid="1" />
                <SequencePoint vc="0" uspid="19" ordinal="1" offset="1" sl="35" sc="13" el="35" ec="81" bec="0" bev="0" fileid="1" />
                <SequencePoint vc="0" uspid="20" ordinal="2" offset="36" sl="37" sc="9" el="37" ec="10" bec="0" bev="0" fileid="1" />
              </SequencePoints>
              <BranchPoints />
              <MethodPoint xsi:type="SequencePoint" vc="0" uspid="18" ordinal="0" offset="0" sl="34" sc="9" el="34" ec="10" bec="0" bev="0" fileid="1" />
            </Method>
            <Method visited="false" cyclomaticComplexity="2" nPathComplexity="2" sequenceCoverage="0" branchCoverage="0" crapScore="6" isConstructor="false" isStatic="false" isGetter="false" isSetter="false">
              <Summary numSequencePoints="4" visitedSequencePoints="0" numBranchPoints="3" visitedBranchPoints="0" sequenceCoverage="0" branchCoverage="0" maxCyclomaticComplexity="2" minCyclomaticComplexity="2" maxCrapScore="6" minCrapScore="6" visitedClasses="0" numClasses="0" visitedMethods="0" numMethods="1" />
              <MetadataToken>100663300</MetadataToken>
              <Name>System.Void LAB1.Exam::setQuestionAnswer(System.Int32,System.String)</Name>
              <FileRef uid="1" />
              <SequencePoints>
                <SequencePoint vc="0" uspid="21" ordinal="0" offset="0" sl="39" sc="9" el="39" ec="10" bec="0" bev="0" fileid="1" />
                <SequencePoint vc="0" uspid="22" ordinal="1" offset="1" sl="40" sc="13" el="40" ec="35" bec="2" bev="0" fileid="1" />
                <SequencePoint vc="0" uspid="23" ordinal="2" offset="14" sl="41" sc="17" el="41" ec="41" bec="0" bev="0" fileid="1" />
                <SequencePoint vc="0" uspid="24" ordinal="3" offset="23" sl="42" sc="9" el="42" ec="10" bec="0" bev="0" fileid="1" />
              </SequencePoints>
              <BranchPoints>
                <BranchPoint vc="0" uspid="25" ordinal="0" offset="12" sl="40" path="0" offsetend="14" fileid="1" />
                <BranchPoint vc="0" uspid="26" ordinal="1" offset="12" sl="40" path="1" offsetend="23" fileid="1" />
              </BranchPoints>
              <MethodPoint xsi:type="SequencePoint" vc="0" uspid="21" ordinal="0" offset="0" sl="39" sc="9" el="39" ec="10" bec="0" bev="0" fileid="1" />
            </Method>
            <Method visited="false" cyclomaticComplexity="4" nPathComplexity="4" sequenceCoverage="0" branchCoverage="0" crapScore="20" isConstructor="false" isStatic="false" isGetter="false" isSetter="false">
              <Summary numSequencePoints="5" visitedSequencePoints="0" numBranchPoints="5" visitedBranchPoints="0" sequenceCoverage="0" branchCoverage="0" maxCyclomaticComplexity="4" minCyclomaticComplexity="4" maxCrapScore="20" minCrapScore="20" visitedClasses="0" numClasses="0" visitedMethods="0" numMethods="1" />
              <MetadataToken>100663301</MetadataToken>
              <Name>System.String LAB1.Exam::getQuestionCorrectAnswer(System.Int32)</Name>
              <FileRef uid="1" />
              <SequencePoints>
                <SequencePoint vc="0" uspid="27" ordinal="0" offset="0" sl="44" sc="9" el="44" ec="10" bec="0" bev="0" fileid="1" />
                <SequencePoint vc="0" uspid="28" ordinal="1" offset="1" sl="45" sc="13" el="45" ec="35" bec="2" bev="0" fileid="1" />
                <SequencePoint vc="0" uspid="29" ordinal="2" offset="11" sl="46" sc="17" el="46" ec="67" bec="2" bev="0" fileid="1" />
                <SequencePoint vc="0" uspid="30" ordinal="3" offset="38" sl="47" sc="13" el="47" ec="25" bec="0" bev="0" fileid="1" />
                <SequencePoint vc="0" uspid="31" ordinal="4" offset="42" sl="48" sc="9" el="48" ec="10" bec="0" bev="0" fileid="1" />
              </SequencePoints>
              <BranchPoints>
                <BranchPoint vc="0" uspid="32" ordinal="0" offset="9" sl="45" path="0" offsetend="11" fileid="1" />
                <BranchPoint vc="0" uspid="33" ordinal="1" offset="9" sl="45" path="1" offsetend="38" fileid="1" />
                <BranchPoint vc="0" uspid="34" ordinal="2" offset="18" sl="46" path="0" offsetend="20" fileid="1" />
                <BranchPoint vc="0" uspid="35" ordinal="3" offset="18" sl="46" path="1" offsetend="24" fileid="1" />
              </BranchPoints>
              <MethodPoint xsi:type="SequencePoint" vc="0" uspid="27" ordinal="0" offset="0" sl="44" sc="9" el="44" ec="10" bec="0" bev="0" fileid="1" />
            </Method>
            <Method visited="false" cyclomaticComplexity="2" nPathComplexity="0" sequenceCoverage="0" branchCoverage="0" crapScore="6" isConstructor="false" isStatic="false" isGetter="false" isSetter="false">
              <Summary numSequencePoints="16" visitedSequencePoints="0" numBranchPoints="1" visitedBranchPoints="0" sequenceCoverage="0" branchCoverage="0" maxCyclomaticComplexity="2" minCyclomaticComplexity="2" maxCrapScore="6" minCrapScore="6" visitedClasses="0" numClasses="0" visitedMethods="0" numMethods="1" />
              <MetadataToken>100663302</MetadataToken>
              <Name>System.Void LAB1.Exam::Submit()</Name>
              <FileRef uid="1" />
              <SequencePoints>
                <SequencePoint vc="0" uspid="36" ordinal="0" offset="0" sl="50" sc="9" el="50" ec="10" bec="0" bev="0" fileid="1" />
                <SequencePoint vc="0" uspid="37" ordinal="1" offset="1" sl="51" sc="13" el="51" ec="27" bec="0" bev="0" fileid="1" />
                <SequencePoint vc="0" uspid="38" ordinal="2" offset="3" sl="52" sc="13" el="52" ec="27" bec="0" bev="0" fileid="1" />
                <SequencePoint vc="0" uspid="39" ordinal="3" offset="5" sl="53" sc="13" el="53" ec="30" bec="0" bev="0" fileid="1" />
                <SequencePoint vc="0" uspid="40" ordinal="4" offset="7" sl="54" sc="13" el="54" ec="20" bec="0" bev="0" fileid="1" />
                <SequencePoint vc="0" uspid="41" ordinal="5" offset="8" sl="54" sc="35" el="54" ec="44" bec="0" bev="0" fileid="1" />
                <SequencePoint vc="0" uspid="42" ordinal="6" offset="22" sl="54" sc="21" el="54" ec="31" bec="0" bev="0" fileid="1" />
                <SequencePoint vc="0" uspid="43" ordinal="7" offset="31" sl="55" sc="13" el="55" ec="14" bec="0" bev="0" fileid="1" />
                <SequencePoint vc="0" uspid="44" ordinal="8" offset="32" sl="56" sc="17" el="56" ec="43" bec="0" bev="0" fileid="1" />
                <SequencePoint vc="0" uspid="45" ordinal="9" offset="42" sl="57" sc="17" el="57" ec="54" bec="0" bev="0" fileid="1" />
                <SequencePoint vc="0" uspid="46" ordinal="10" offset="60" sl="58" sc="17" el="58" ec="25" bec="0" bev="0" fileid="1" />
                <SequencePoint vc="0" uspid="47" ordinal="11" offset="64" sl="59" sc="13" el="59" ec="14" bec="0" bev="0" fileid="1" />
                <SequencePoint vc="0" uspid="48" ordinal="12" offset="65" sl="54" sc="32" el="54" ec="34" bec="0" bev="0" fileid="1" />
                <SequencePoint vc="0" uspid="49" ordinal="13" offset="91" sl="60" sc="13" el="60" ec="30" bec="0" bev="0" fileid="1" />
                <SequencePoint vc="0" uspid="50" ordinal="14" offset="98" sl="61" sc="13" el="61" ec="45" bec="0" bev="0" fileid="1" />
                <SequencePoint vc="0" uspid="51" ordinal="15" offset="109" sl="63" sc="9" el="63" ec="10" bec="0" bev="0" fileid="1" />
              </SequencePoints>
              <BranchPoints />
              <MethodPoint xsi:type="SequencePoint" vc="0" uspid="36" ordinal="0" offset="0" sl="50" sc="9" el="50" ec="10" bec="0" bev="0" fileid="1" />
            </Method>
            <Method visited="false" cyclomaticComplexity="1" nPathComplexity="0" sequenceCoverage="0" branchCoverage="0" crapScore="2" isConstructor="false" isStatic="false" isGetter="false" isSetter="false">
              <Summary numSequencePoints="3" visitedSequencePoints="0" numBranchPoints="1" visitedBranchPoints="0" sequenceCoverage="0" branchCoverage="0" maxCyclomaticComplexity="1" minCyclomaticComplexity="1" maxCrapScore="2" minCrapScore="2" visitedClasses="0" numClasses="0" visitedMethods="0" numMethods="1" />
              <MetadataToken>100663303</MetadataToken>
              <Name>System.Single LAB1.Exam::CheckGrade()</Name>
              <FileRef uid="1" />
              <SequencePoints>
                <SequencePoint vc="0" uspid="54" ordinal="0" offset="0" sl="65" sc="9" el="65" ec="10" bec="0" bev="0" fileid="1" />
                <SequencePoint vc="0" uspid="55" ordinal="1" offset="1" sl="66" sc="13" el="66" ec="26" bec="0" bev="0" fileid="1" />
                <SequencePoint vc="0" uspid="56" ordinal="2" offset="10" sl="67" sc="9" el="67" ec="10" bec="0" bev="0" fileid="1" />
              </SequencePoints>
              <BranchPoints />
              <MethodPoint xsi:type="SequencePoint" vc="0" uspid="54" ordinal="0" offset="0" sl="65" sc="9" el="65" ec="10" bec="0" bev="0" fileid="1" />
            </Method>
          </Methods>
        </Class>
        <Class>
          <Summary numSequencePoints="31" visitedSequencePoints="0" numBranchPoints="5" visitedBranchPoints="0" sequenceCoverage="0" branchCoverage="0" maxCyclomaticComplexity="1" minCyclomaticComplexity="1" maxCrapScore="2" minCrapScore="2" visitedClasses="0" numClasses="1" visitedMethods="0" numMethods="5" />
          <FullName>LAB1.MyTests</FullName>
          <Methods>
            <Method visited="false" cyclomaticComplexity="1" nPathComplexity="0" sequenceCoverage="0" branchCoverage="0" crapScore="2" isConstructor="false" isStatic="false" isGetter="false" isSetter="false">
              <Summary numSequencePoints="13" visitedSequencePoints="0" numBranchPoints="1" visitedBranchPoints="0" sequenceCoverage="0" branchCoverage="0" maxCyclomaticComplexity="1" minCyclomaticComplexity="1" maxCrapScore="2" minCrapScore="2" visitedClasses="0" numClasses="0" visitedMethods="0" numMethods="1" />
              <MetadataToken>100663306</MetadataToken>
              <Name>LAB1.Student LAB1.MyTests::CreateStudentWithExam()</Name>
              <FileRef uid="2" />
              <SequencePoints>
                <SequencePoint vc="0" uspid="57" ordinal="0" offset="0" sl="14" sc="9" el="14" ec="10" bec="0" bev="0" fileid="2" />
                <SequencePoint vc="0" uspid="58" ordinal="1" offset="1" sl="15" sc="13" el="15" ec="66" bec="0" bev="0" fileid="2" />
                <SequencePoint vc="0" uspid="59" ordinal="2" offset="7" sl="16" sc="13" el="16" ec="128" bec="0" bev="0" fileid="2" />
                <SequencePoint vc="0" uspid="60" ordinal="3" offset="19" sl="17" sc="13" el="17" ec="33" bec="0" bev="0" fileid="2" />
                <SequencePoint vc="0" uspid="61" ordinal="4" offset="28" sl="18" sc="13" el="18" ec="36" bec="0" bev="0" fileid="2" />
                <SequencePoint vc="0" uspid="62" ordinal="5" offset="36" sl="19" sc="13" el="19" ec="56" bec="0" bev="0" fileid="2" />
                <SequencePoint vc="0" uspid="63" ordinal="6" offset="42" sl="20" sc="13" el="20" ec="26" bec="0" bev="0" fileid="2" />
                <SequencePoint vc="0" uspid="64" ordinal="7" offset="50" sl="21" sc="13" el="21" ec="45" bec="0" bev="0" fileid="2" />
                <SequencePoint vc="0" uspid="65" ordinal="8" offset="62" sl="22" sc="13" el="22" ec="42" bec="0" bev="0" fileid="2" />
                <SequencePoint vc="0" uspid="66" ordinal="9" offset="68" sl="23" sc="13" el="23" ec="35" bec="0" bev="0" fileid="2" />
                <SequencePoint vc="0" uspid="67" ordinal="10" offset="76" sl="24" sc="13" el="24" ec="39" bec="0" bev="0" fileid="2" />
                <SequencePoint vc="0" uspid="68" ordinal="11" offset="84" sl="25" sc="13" el="25" ec="25" bec="0" bev="0" fileid="2" />
                <SequencePoint vc="0" uspid="69" ordinal="12" offset="89" sl="26" sc="9" el="26" ec="10" bec="0" bev="0" fileid="2" />
              </SequencePoints>
              <BranchPoints />
              <MethodPoint xsi:type="SequencePoint" vc="0" uspid="57" ordinal="0" offset="0" sl="14" sc="9" el="14" ec="10" bec="0" bev="0" fileid="2" />
            </Method>
            <Method visited="false" cyclomaticComplexity="1" nPathComplexity="0" sequenceCoverage="0" branchCoverage="0" crapScore="2" isConstructor="false" isStatic="false" isGetter="false" isSetter="false">
              <Summary numSequencePoints="4" visitedSequencePoints="0" numBranchPoints="1" visitedBranchPoints="0" sequenceCoverage="0" branchCoverage="0" maxCyclomaticComplexity="1" minCyclomaticComplexity="1" maxCrapScore="2" minCrapScore="2" visitedClasses="0" numClasses="0" visitedMethods="0" numMethods="1" />
              <MetadataToken>100663307</MetadataToken>
              <Name>System.Void LAB1.MyTests::StudentCanGetQuestion()</Name>
              <FileRef uid="2" />
              <SequencePoints>
                <SequencePoint vc="0" uspid="70" ordinal="0" offset="0" sl="29" sc="9" el="29" ec="10" bec="0" bev="0" fileid="2" />
                <SequencePoint vc="0" uspid="71" ordinal="1" offset="1" sl="30" sc="13" el="30" ec="52" bec="0" bev="0" fileid="2" />
                <SequencePoint vc="0" uspid="72" ordinal="2" offset="8" sl="31" sc="13" el="31" ec="162" bec="0" bev="0" fileid="2" />
                <SequencePoint vc="0" uspid="73" ordinal="3" offset="31" sl="32" sc="9" el="32" ec="10" bec="0" bev="0" fileid="2" />
              </SequencePoints>
              <BranchPoints />
              <MethodPoint xsi:type="SequencePoint" vc="0" uspid="70" ordinal="0" offset="0" sl="29" sc="9" el="29" ec="10" bec="0" bev="0" fileid="2" />
            </Method>
            <Method visited="false" cyclomaticComplexity="1" nPathComplexity="0" sequenceCoverage="0" branchCoverage="0" crapScore="2" isConstructor="false" isStatic="false" isGetter="false" isSetter="false">
              <Summary numSequencePoints="4" visitedSequencePoints="0" numBranchPoints="1" visitedBranchPoints="0" sequenceCoverage="0" branchCoverage="0" maxCyclomaticComplexity="1" minCyclomaticComplexity="1" maxCrapScore="2" minCrapScore="2" visitedClasses="0" numClasses="0" visitedMethods="0" numMethods="1" />
              <MetadataToken>100663308</MetadataToken>
              <Name>System.Void LAB1.MyTests::StudentCantCheckUnsubmitted()</Name>
              <FileRef uid="2" />
              <SequencePoints>
                <SequencePoint vc="0" uspid="74" ordinal="0" offset="0" sl="35" sc="9" el="35" ec="10" bec="0" bev="0" fileid="2" />
                <SequencePoint vc="0" uspid="75" ordinal="1" offset="1" sl="36" sc="13" el="36" ec="52" bec="0" bev="0" fileid="2" />
                <SequencePoint vc="0" uspid="76" ordinal="2" offset="8" sl="37" sc="13" el="37" ec="61" bec="0" bev="0" fileid="2" />
                <SequencePoint vc="0" uspid="77" ordinal="3" offset="22" sl="39" sc="9" el="39" ec="10" bec="0" bev="0" fileid="2" />
              </SequencePoints>
              <BranchPoints />
              <MethodPoint xsi:type="SequencePoint" vc="0" uspid="74" ordinal="0" offset="0" sl="35" sc="9" el="35" ec="10" bec="0" bev="0" fileid="2" />
            </Method>
            <Method visited="false" cyclomaticComplexity="1" nPathComplexity="0" sequenceCoverage="0" branchCoverage="0" crapScore="2" isConstructor="false" isStatic="false" isGetter="false" isSetter="false">
              <Summary numSequencePoints="6" visitedSequencePoints="0" numBranchPoints="1" visitedBranchPoints="0" sequenceCoverage="0" branchCoverage="0" maxCyclomaticComplexity="1" minCyclomaticComplexity="1" maxCrapScore="2" minCrapScore="2" visitedClasses="0" numClasses="0" visitedMethods="0" numMethods="1" />
              <MetadataToken>100663309</MetadataToken>
              <Name>System.Void LAB1.MyTests::StudentCantSubmitTwice()</Name>
              <FileRef uid="2" />
              <SequencePoints>
                <SequencePoint vc="0" uspid="78" ordinal="0" offset="0" sl="42" sc="9" el="42" ec="10" bec="0" bev="0" fileid="2" />
                <SequencePoint vc="0" uspid="79" ordinal="1" offset="1" sl="43" sc="13" el="43" ec="52" bec="0" bev="0" fileid="2" />
                <SequencePoint vc="0" uspid="80" ordinal="2" offset="8" sl="44" sc="13" el="44" ec="27" bec="0" bev="0" fileid="2" />
                <SequencePoint vc="0" uspid="81" ordinal="3" offset="15" sl="45" sc="13" el="45" ec="41" bec="0" bev="0" fileid="2" />
                <SequencePoint vc="0" uspid="82" ordinal="4" offset="28" sl="46" sc="13" el="46" ec="49" bec="0" bev="0" fileid="2" />
                <SequencePoint vc="0" uspid="83" ordinal="5" offset="51" sl="48" sc="9" el="48" ec="10" bec="0" bev="0" fileid="2" />
              </SequencePoints>
              <BranchPoints />
              <MethodPoint xsi:type="SequencePoint" vc="0" uspid="78" ordinal="0" offset="0" sl="42" sc="9" el="42" ec="10" bec="0" bev="0" fileid="2" />
            </Method>
            <Method visited="false" cyclomaticComplexity="1" nPathComplexity="0" sequenceCoverage="0" branchCoverage="0" crapScore="2" isConstructor="false" isStatic="false" isGetter="false" isSetter="false">
              <Summary numSequencePoints="4" visitedSequencePoints="0" numBranchPoints="1" visitedBranchPoints="0" sequenceCoverage="0" branchCoverage="0" maxCyclomaticComplexity="1" minCyclomaticComplexity="1" maxCrapScore="2" minCrapScore="2" visitedClasses="0" numClasses="0" visitedMethods="0" numMethods="1" />
              <MetadataToken>100663310</MetadataToken>
              <Name>System.Void LAB1.MyTests::StudentCantAskOutOfRange()</Name>
              <FileRef uid="2" />
              <SequencePoints>
                <SequencePoint vc="0" uspid="84" ordinal="0" offset="0" sl="51" sc="9" el="51" ec="10" bec="0" bev="0" fileid="2" />
                <SequencePoint vc="0" uspid="85" ordinal="1" offset="1" sl="52" sc="13" el="52" ec="52" bec="0" bev="0" fileid="2" />
                <SequencePoint vc="0" uspid="86" ordinal="2" offset="8" sl="53" sc="13" el="53" ec="64" bec="0" bev="0" fileid="2" />
                <SequencePoint vc="0" uspid="87" ordinal="3" offset="26" sl="54" sc="9" el="54" ec="10" bec="0" bev="0" fileid="2" />
              </SequencePoints>
              <BranchPoints />
              <MethodPoint xsi:type="SequencePoint" vc="0" uspid="84" ordinal="0" offset="0" sl="51" sc="9" el="51" ec="10" bec="0" bev="0" fileid="2" />
            </Method>
            <Method visited="false" cyclomaticComplexity="1" nPathComplexity="0" sequenceCoverage="0" branchCoverage="0" crapScore="2" isConstructor="true" isStatic="false" isGetter="false" isSetter="false">
              <Summary numSequencePoints="0" visitedSequencePoints="0" numBranchPoints="0" visitedBranchPoints="0" sequenceCoverage="0" branchCoverage="0" maxCyclomaticComplexity="1" minCyclomaticComplexity="1" maxCrapScore="2" minCrapScore="2" visitedClasses="0" numClasses="0" visitedMethods="0" numMethods="0" />
              <MetadataToken>100663311</MetadataToken>
              <Name>System.Void LAB1.MyTests::.ctor()</Name>
              <SequencePoints />
              <BranchPoints />
              <MethodPoint vc="0" uspid="88" ordinal="0" offset="0" />
            </Method>
          </Methods>
        </Class>
        <Class>
          <Summary numSequencePoints="10" visitedSequencePoints="0" numBranchPoints="3" visitedBranchPoints="0" sequenceCoverage="0" branchCoverage="0" maxCyclomaticComplexity="1" minCyclomaticComplexity="1" maxCrapScore="2" minCrapScore="2" visitedClasses="0" numClasses="1" visitedMethods="0" numMethods="3" />
          <FullName>LAB1.Professor</FullName>
          <Methods>
            <Method visited="false" cyclomaticComplexity="1" nPathComplexity="0" sequenceCoverage="0" branchCoverage="0" crapScore="2" isConstructor="false" isStatic="false" isGetter="false" isSetter="false">
              <Summary numSequencePoints="6" visitedSequencePoints="0" numBranchPoints="1" visitedBranchPoints="0" sequenceCoverage="0" branchCoverage="0" maxCyclomaticComplexity="1" minCyclomaticComplexity="1" maxCrapScore="2" minCrapScore="2" visitedClasses="0" numClasses="0" visitedMethods="0" numMethods="1" />
              <MetadataToken>100663312</MetadataToken>
              <Name>System.Guid LAB1.Professor::CreateExam(System.Collections.Generic.List`1&lt;LAB1.Question&gt;,System.Int32)</Name>
              <FileRef uid="3" />
              <SequencePoints>
                <SequencePoint vc="0" uspid="89" ordinal="0" offset="0" sl="13" sc="9" el="13" ec="10" bec="0" bev="0" fileid="3" />
                <SequencePoint vc="0" uspid="90" ordinal="1" offset="1" sl="14" sc="13" el="14" ec="38" bec="0" bev="0" fileid="3" />
                <SequencePoint vc="0" uspid="91" ordinal="2" offset="9" sl="15" sc="13" el="15" ec="50" bec="0" bev="0" fileid="3" />
                <SequencePoint vc="0" uspid="92" ordinal="3" offset="20" sl="16" sc="13" el="16" ec="62" bec="0" bev="0" fileid="3" />
                <SequencePoint vc="0" uspid="93" ordinal="4" offset="40" sl="17" sc="13" el="17" ec="27" bec="0" bev="0" fileid="3" />
                <SequencePoint vc="0" uspid="94" ordinal="5" offset="44" sl="18" sc="9" el="18" ec="10" bec="0" bev="0" fileid="3" />
              </SequencePoints>
              <BranchPoints />
              <MethodPoint xsi:type="SequencePoint" vc="0" uspid="89" ordinal="0" offset="0" sl="13" sc="9" el="13" ec="10" bec="0" bev="0" fileid="3" />
            </Method>
            <Method visited="false" cyclomaticComplexity="1" nPathComplexity="0" sequenceCoverage="0" branchCoverage="0" crapScore="2" isConstructor="false" isStatic="false" isGetter="false" isSetter="false">
              <Summary numSequencePoints="2" visitedSequencePoints="0" numBranchPoints="1" visitedBranchPoints="0" sequenceCoverage="0" branchCoverage="0" maxCyclomaticComplexity="1" minCyclomaticComplexity="1" maxCrapScore="2" minCrapScore="2" visitedClasses="0" numClasses="0" visitedMethods="0" numMethods="1" />
              <MetadataToken>100663313</MetadataToken>
              <Name>System.Void LAB1.Professor::LogIn()</Name>
              <FileRef uid="3" />
              <SequencePoints>
                <SequencePoint vc="0" uspid="95" ordinal="0" offset="0" sl="21" sc="9" el="21" ec="10" bec="0" bev="0" fileid="3" />
                <SequencePoint vc="0" uspid="96" ordinal="1" offset="1" sl="22" sc="13" el="22" ec="49" bec="0" bev="0" fileid="3" />
              </SequencePoints>
              <BranchPoints />
              <MethodPoint xsi:type="SequencePoint" vc="0" uspid="95" ordinal="0" offset="0" sl="21" sc="9" el="21" ec="10" bec="0" bev="0" fileid="3" />
            </Method>
            <Method visited="false" cyclomaticComplexity="1" nPathComplexity="0" sequenceCoverage="0" branchCoverage="0" crapScore="2" isConstructor="false" isStatic="false" isGetter="false" isSetter="false">
              <Summary numSequencePoints="2" visitedSequencePoints="0" numBranchPoints="1" visitedBranchPoints="0" sequenceCoverage="0" branchCoverage="0" maxCyclomaticComplexity="1" minCyclomaticComplexity="1" maxCrapScore="2" minCrapScore="2" visitedClasses="0" numClasses="0" visitedMethods="0" numMethods="1" />
              <MetadataToken>100663314</MetadataToken>
              <Name>System.Void LAB1.Professor::LogOut()</Name>
              <FileRef uid="3" />
              <SequencePoints>
                <SequencePoint vc="0" uspid="97" ordinal="0" offset="0" sl="26" sc="9" el="26" ec="10" bec="0" bev="0" fileid="3" />
                <SequencePoint vc="0" uspid="98" ordinal="1" offset="1" sl="27" sc="13" el="27" ec="49" bec="0" bev="0" fileid="3" />
              </SequencePoints>
              <BranchPoints />
              <MethodPoint xsi:type="SequencePoint" vc="0" uspid="97" ordinal="0" offset="0" sl="26" sc="9" el="26" ec="10" bec="0" bev="0" fileid="3" />
            </Method>
            <Method visited="false" cyclomaticComplexity="1" nPathComplexity="0" sequenceCoverage="0" branchCoverage="0" crapScore="2" isConstructor="true" isStatic="false" isGetter="false" isSetter="false">
              <Summary numSequencePoints="0" visitedSequencePoints="0" numBranchPoints="0" visitedBranchPoints="0" sequenceCoverage="0" branchCoverage="0" maxCyclomaticComplexity="1" minCyclomaticComplexity="1" maxCrapScore="2" minCrapScore="2" visitedClasses="0" numClasses="0" visitedMethods="0" numMethods="0" />
              <MetadataToken>100663315</MetadataToken>
              <Name>System.Void LAB1.Professor::.ctor()</Name>
              <SequencePoints />
              <BranchPoints />
              <MethodPoint vc="0" uspid="99" ordinal="0" offset="0" />
            </Method>
          </Methods>
        </Class>
        <Class>
          <Summary numSequencePoints="4" visitedSequencePoints="0" numBranchPoints="4" visitedBranchPoints="0" sequenceCoverage="0" branchCoverage="0" maxCyclomaticComplexity="1" minCyclomaticComplexity="1" maxCrapScore="2" minCrapScore="2" visitedClasses="0" numClasses="1" visitedMethods="0" numMethods="4" />
          <FullName>LAB1.Question</FullName>
          <Methods>
            <Method visited="false" cyclomaticComplexity="1" nPathComplexity="0" sequenceCoverage="0" branchCoverage="0" crapScore="2" isConstructor="false" isStatic="false" isGetter="true" isSetter="false">
              <Summary numSequencePoints="1" visitedSequencePoints="0" numBranchPoints="1" visitedBranchPoints="0" sequenceCoverage="0" branchCoverage="0" maxCyclomaticComplexity="1" minCyclomaticComplexity="1" maxCrapScore="2" minCrapScore="2" visitedClasses="0" numClasses="0" visitedMethods="0" numMethods="1" />
              <MetadataToken>100663316</MetadataToken>
              <Name>System.String LAB1.Question::get_Description()</Name>
              <FileRef uid="4" />
              <SequencePoints>
                <SequencePoint vc="0" uspid="100" ordinal="0" offset="0" sl="11" sc="37" el="11" ec="41" bec="0" bev="0" fileid="4" />
              </SequencePoints>
              <BranchPoints />
              <MethodPoint xsi:type="SequencePoint" vc="0" uspid="100" ordinal="0" offset="0" sl="11" sc="37" el="11" ec="41" bec="0" bev="0" fileid="4" />
            </Method>
            <Method visited="false" cyclomaticComplexity="1" nPathComplexity="0" sequenceCoverage="0" branchCoverage="0" crapScore="2" isConstructor="false" isStatic="false" isGetter="false" isSetter="true">
              <Summary numSequencePoints="1" visitedSequencePoints="0" numBranchPoints="1" visitedBranchPoints="0" sequenceCoverage="0" branchCoverage="0" maxCyclomaticComplexity="1" minCyclomaticComplexity="1" maxCrapScore="2" minCrapScore="2" visitedClasses="0" numClasses="0" visitedMethods="0" numMethods="1" />
              <MetadataToken>100663317</MetadataToken>
              <Name>System.Void LAB1.Question::set_Description(System.String)</Name>
              <FileRef uid="4" />
              <SequencePoints>
                <SequencePoint vc="0" uspid="101" ordinal="0" offset="0" sl="11" sc="42" el="11" ec="46" bec="0" bev="0" fileid="4" />
              </SequencePoints>
              <BranchPoints />
              <MethodPoint xsi:type="SequencePoint" vc="0" uspid="101" ordinal="0" offset="0" sl="11" sc="42" el="11" ec="46" bec="0" bev="0" fileid="4" />
            </Method>
            <Method visited="false" cyclomaticComplexity="1" nPathComplexity="0" sequenceCoverage="0" branchCoverage="0" crapScore="2" isConstructor="false" isStatic="false" isGetter="true" isSetter="false">
              <Summary numSequencePoints="1" visitedSequencePoints="0" numBranchPoints="1" visitedBranchPoints="0" sequenceCoverage="0" branchCoverage="0" maxCyclomaticComplexity="1" minCyclomaticComplexity="1" maxCrapScore="2" minCrapScore="2" visitedClasses="0" numClasses="0" visitedMethods="0" numMethods="1" />
              <MetadataToken>100663318</MetadataToken>
              <Name>System.Int32 LAB1.Question::get_TotalPoints()</Name>
              <FileRef uid="4" />
              <SequencePoints>
                <SequencePoint vc="0" uspid="102" ordinal="0" offset="0" sl="12" sc="34" el="12" ec="38" bec="0" bev="0" fileid="4" />
              </SequencePoints>
              <BranchPoints />
              <MethodPoint xsi:type="SequencePoint" vc="0" uspid="102" ordinal="0" offset="0" sl="12" sc="34" el="12" ec="38" bec="0" bev="0" fileid="4" />
            </Method>
            <Method visited="false" cyclomaticComplexity="1" nPathComplexity="0" sequenceCoverage="0" branchCoverage="0" crapScore="2" isConstructor="false" isStatic="false" isGetter="false" isSetter="true">
              <Summary numSequencePoints="1" visitedSequencePoints="0" numBranchPoints="1" visitedBranchPoints="0" sequenceCoverage="0" branchCoverage="0" maxCyclomaticComplexity="1" minCyclomaticComplexity="1" maxCrapScore="2" minCrapScore="2" visitedClasses="0" numClasses="0" visitedMethods="0" numMethods="1" />
              <MetadataToken>100663319</MetadataToken>
              <Name>System.Void LAB1.Question::set_TotalPoints(System.Int32)</Name>
              <FileRef uid="4" />
              <SequencePoints>
                <SequencePoint vc="0" uspid="103" ordinal="0" offset="0" sl="12" sc="39" el="12" ec="43" bec="0" bev="0" fileid="4" />
              </SequencePoints>
              <BranchPoints />
              <MethodPoint xsi:type="SequencePoint" vc="0" uspid="103" ordinal="0" offset="0" sl="12" sc="39" el="12" ec="43" bec="0" bev="0" fileid="4" />
            </Method>
            <Method visited="false" cyclomaticComplexity="1" nPathComplexity="0" sequenceCoverage="0" branchCoverage="0" crapScore="2" isConstructor="true" isStatic="false" isGetter="false" isSetter="false">
              <Summary numSequencePoints="0" visitedSequencePoints="0" numBranchPoints="0" visitedBranchPoints="0" sequenceCoverage="0" branchCoverage="0" maxCyclomaticComplexity="1" minCyclomaticComplexity="1" maxCrapScore="2" minCrapScore="2" visitedClasses="0" numClasses="0" visitedMethods="0" numMethods="0" />
              <MetadataToken>100663322</MetadataToken>
              <Name>System.Void LAB1.Question::.ctor()</Name>
              <SequencePoints />
              <BranchPoints />
              <MethodPoint vc="0" uspid="104" ordinal="0" offset="0" />
            </Method>
          </Methods>
        </Class>
        <Class>
          <Summary numSequencePoints="20" visitedSequencePoints="0" numBranchPoints="8" visitedBranchPoints="0" sequenceCoverage="0" branchCoverage="0" maxCyclomaticComplexity="5" minCyclomaticComplexity="1" maxCrapScore="30" minCrapScore="2" visitedClasses="0" numClasses="1" visitedMethods="0" numMethods="2" />
          <FullName>LAB1.MultipleAnswerQuestion</FullName>
          <Methods>
            <Method visited="false" cyclomaticComplexity="5" nPathComplexity="8" sequenceCoverage="0" branchCoverage="0" crapScore="30" isConstructor="false" isStatic="false" isGetter="false" isSetter="false">
              <Summary numSequencePoints="17" visitedSequencePoints="0" numBranchPoints="7" visitedBranchPoints="0" sequenceCoverage="0" branchCoverage="0" maxCyclomaticComplexity="5" minCyclomaticComplexity="5" maxCrapScore="30" minCrapScore="30" visitedClasses="0" numClasses="0" visitedMethods="0" numMethods="1" />
              <MetadataToken>100663323</MetadataToken>
              <Name>System.Int32 LAB1.MultipleAnswerQuestion::getPoints(System.String)</Name>
              <FileRef uid="5" />
              <SequencePoints>
                <SequencePoint vc="0" uspid="105" ordinal="0" offset="0" sl="13" sc="9" el="13" ec="10" bec="0" bev="0" fileid="5" />
                <SequencePoint vc="0" uspid="106" ordinal="1" offset="1" sl="14" sc="13" el="14" ec="32" bec="2" bev="0" fileid="5" />
                <SequencePoint vc="0" uspid="107" ordinal="2" offset="9" sl="15" sc="17" el="15" ec="26" bec="0" bev="0" fileid="5" />
                <SequencePoint vc="0" uspid="108" ordinal="3" offset="13" sl="16" sc="13" el="16" ec="27" bec="0" bev="0" fileid="5" />
                <SequencePoint vc="0" uspid="109" ordinal="4" offset="15" sl="17" sc="13" el="17" ec="20" bec="0" bev="0" fileid="5" />
                <SequencePoint vc="0" uspid="110" ordinal="5" offset="16" sl="17" sc="33" el="17" ec="39" bec="0" bev="0" fileid="5" />
                <SequencePoint vc="0" uspid="111" ordinal="6" offset="23" sl="17" sc="21" el="17" ec="29" bec="0" bev="0" fileid="5" />
                <SequencePoint vc="0" uspid="112" ordinal="7" offset="33" sl="18" sc="13" el="18" ec="14" bec="0" bev="0" fileid="5" />
                <SequencePoint vc="0" uspid="113" ordinal="8" offset="34" sl="19" sc="17" el="19" ec="49" bec="2" bev="0" fileid="5" />
                <SequencePoint vc="0" uspid="114" ordinal="9" offset="53" sl="20" sc="21" el="20" ec="29" bec="0" bev="0" fileid="5" />
                <SequencePoint vc="0" uspid="115" ordinal="10" offset="59" sl="21" sc="22" el="21" ec="30" bec="0" bev="0" fileid="5" />
                <SequencePoint vc="0" uspid="116" ordinal="11" offset="63" sl="22" sc="13" el="22" ec="14" bec="0" bev="0" fileid="5" />
                <SequencePoint vc="0" uspid="117" ordinal="12" offset="70" sl="17" sc="30" el="17" ec="32" bec="0" bev="0" fileid="5" />
                <SequencePoint vc="0" uspid="118" ordinal="13" offset="80" sl="23" sc="13" el="23" ec="27" bec="2" bev="0" fileid="5" />
                <SequencePoint vc="0" uspid="119" ordinal="14" offset="90" sl="24" sc="17" el="24" ec="27" bec="0" bev="0" fileid="5" />
                <SequencePoint vc="0" uspid="120" ordinal="15" offset="92" sl="26" sc="13" el="26" ec="62" bec="0" bev="0" fileid="5" />
                <SequencePoint vc="0" uspid="121" ordinal="16" offset="115" sl="28" sc="9" el="28" ec="10" bec="0" bev="0" fileid="5" />
              </SequencePoints>
              <BranchPoints>
                <BranchPoint vc="0" uspid="122" ordinal="0" offset="7" sl="14" path="0" offsetend="9" fileid="5" />
                <BranchPoint vc="0" uspid="123" ordinal="1" offset="7" sl="14" path="1" offsetend="13" fileid="5" />
                <BranchPoint vc="0" uspid="124" ordinal="2" offset="51" sl="19" path="0" offsetend="53" fileid="5" />
                <BranchPoint vc="0" uspid="125" ordinal="3" offset="51" sl="19" path="1" offsetend="59" fileid="5" />
                <BranchPoint vc="0" uspid="128" ordinal="6" offset="88" sl="23" path="0" offsetend="90" fileid="5" />
                <BranchPoint vc="0" uspid="129" ordinal="7" offset="88" sl="23" path="1" offsetend="92" fileid="5" />
              </BranchPoints>
              <MethodPoint xsi:type="SequencePoint" vc="0" uspid="105" ordinal="0" offset="0" sl="13" sc="9" el="13" ec="10" bec="0" bev="0" fileid="5" />
            </Method>
            <Method visited="false" cyclomaticComplexity="1" nPathComplexity="0" sequenceCoverage="0" branchCoverage="0" crapScore="2" isConstructor="false" isStatic="false" isGetter="false" isSetter="false">
              <Summary numSequencePoints="3" visitedSequencePoints="0" numBranchPoints="1" visitedBranchPoints="0" sequenceCoverage="0" branchCoverage="0" maxCyclomaticComplexity="1" minCyclomaticComplexity="1" maxCrapScore="2" minCrapScore="2" visitedClasses="0" numClasses="0" visitedMethods="0" numMethods="1" />
              <MetadataToken>100663324</MetadataToken>
              <Name>System.String LAB1.MultipleAnswerQuestion::getCorrectAnswerString()</Name>
              <FileRef uid="5" />
              <SequencePoints>
                <SequencePoint vc="0" uspid="130" ordinal="0" offset="0" sl="30" sc="9" el="30" ec="10" bec="0" bev="0" fileid="5" />
                <SequencePoint vc="0" uspid="131" ordinal="1" offset="1" sl="31" sc="13" el="31" ec="45" bec="0" bev="0" fileid="5" />
                <SequencePoint vc="0" uspid="132" ordinal="2" offset="15" sl="32" sc="9" el="32" ec="10" bec="0" bev="0" fileid="5" />
              </SequencePoints>
              <BranchPoints />
              <MethodPoint xsi:type="SequencePoint" vc="0" uspid="130" ordinal="0" offset="0" sl="30" sc="9" el="30" ec="10" bec="0" bev="0" fileid="5" />
            </Method>
            <Method visited="false" cyclomaticComplexity="1" nPathComplexity="0" sequenceCoverage="0" branchCoverage="0" crapScore="2" isConstructor="true" isStatic="false" isGetter="false" isSetter="false">
              <Summary numSequencePoints="0" visitedSequencePoints="0" numBranchPoints="0" visitedBranchPoints="0" sequenceCoverage="0" branchCoverage="0" maxCyclomaticComplexity="1" minCyclomaticComplexity="1" maxCrapScore="2" minCrapScore="2" visitedClasses="0" numClasses="0" visitedMethods="0" numMethods="0" />
              <MetadataToken>100663325</MetadataToken>
              <Name>System.Void LAB1.MultipleAnswerQuestion::.ctor()</Name>
              <SequencePoints />
              <BranchPoints />
              <MethodPoint vc="0" uspid="133" ordinal="0" offset="0" />
            </Method>
          </Methods>
        </Class>
        <Class>
          <Summary numSequencePoints="52" visitedSequencePoints="0" numBranchPoints="13" visitedBranchPoints="0" sequenceCoverage="0" branchCoverage="0" maxCyclomaticComplexity="7" minCyclomaticComplexity="1" maxCrapScore="56" minCrapScore="2" visitedClasses="0" numClasses="1" visitedMethods="0" numMethods="1" />
          <FullName>LAB1.Program</FullName>
          <Methods>
            <Method visited="false" cyclomaticComplexity="7" nPathComplexity="64" sequenceCoverage="0" branchCoverage="0" crapScore="56" isConstructor="false" isStatic="true" isGetter="false" isSetter="false">
              <Summary numSequencePoints="52" visitedSequencePoints="0" numBranchPoints="13" visitedBranchPoints="0" sequenceCoverage="0" branchCoverage="0" maxCyclomaticComplexity="7" minCyclomaticComplexity="7" maxCrapScore="56" minCrapScore="56" visitedClasses="0" numClasses="0" visitedMethods="0" numMethods="1" />
              <MetadataToken>100663326</MetadataToken>
              <Name>System.Void LAB1.Program::Main(System.String[])</Name>
              <FileRef uid="6" />
              <SequencePoints>
                <SequencePoint vc="0" uspid="134" ordinal="0" offset="0" sl="12" sc="9" el="12" ec="10" bec="0" bev="0" fileid="6" />
                <SequencePoint vc="0" uspid="135" ordinal="1" offset="1" sl="13" sc="13" el="13" ec="61" bec="0" bev="0" fileid="6" />
                <SequencePoint vc="0" uspid="136" ordinal="2" offset="7" sl="14" sc="13" el="14" ec="66" bec="0" bev="0" fileid="6" />
                <SequencePoint vc="0" uspid="137" ordinal="3" offset="13" sl="15" sc="13" el="15" ec="128" bec="0" bev="0" fileid="6" />
                <SequencePoint vc="0" uspid="138" ordinal="4" offset="25" sl="16" sc="13" el="16" ec="33" bec="0" bev="0" fileid="6" />
                <SequencePoint vc="0" uspid="139" ordinal="5" offset="34" sl="17" sc="13" el="17" ec="36" bec="0" bev="0" fileid="6" />
                <SequencePoint vc="0" uspid="140" ordinal="6" offset="42" sl="18" sc="13" el="18" ec="60" bec="0" bev="0" fileid="6" />
                <SequencePoint vc="0" uspid="141" ordinal="7" offset="48" sl="19" sc="13" el="19" ec="70" bec="0" bev="0" fileid="6" />
                <SequencePoint vc="0" uspid="142" ordinal="8" offset="60" sl="20" sc="13" el="20" ec="35" bec="0" bev="0" fileid="6" />
                <SequencePoint vc="0" uspid="143" ordinal="9" offset="72" sl="21" sc="13" el="21" ec="38" bec="0" bev="0" fileid="6" />
                <SequencePoint vc="0" uspid="144" ordinal="10" offset="79" sl="22" sc="13" el="22" ec="70" bec="0" bev="0" fileid="6" />
                <SequencePoint vc="0" uspid="145" ordinal="11" offset="85" sl="23" sc="13" el="23" ec="88" bec="0" bev="0" fileid="6" />
                <SequencePoint vc="0" uspid="146" ordinal="12" offset="97" sl="24" sc="13" el="24" ec="33" bec="0" bev="0" fileid="6" />
                <SequencePoint vc="0" uspid="147" ordinal="13" offset="106" sl="25" sc="13" el="25" ec="52" bec="0" bev="0" fileid="6" />
                <SequencePoint vc="0" uspid="148" ordinal="14" offset="117" sl="26" sc="13" el="26" ec="39" bec="0" bev="0" fileid="6" />
                <SequencePoint vc="0" uspid="149" ordinal="15" offset="131" sl="27" sc="13" el="27" ec="39" bec="0" bev="0" fileid="6" />
                <SequencePoint vc="0" uspid="150" ordinal="16" offset="145" sl="29" sc="13" el="29" ec="31" bec="0" bev="0" fileid="6" />
                <SequencePoint vc="0" uspid="151" ordinal="17" offset="153" sl="30" sc="13" el="30" ec="31" bec="0" bev="0" fileid="6" />
                <SequencePoint vc="0" uspid="152" ordinal="18" offset="161" sl="31" sc="13" el="31" ec="31" bec="0" bev="0" fileid="6" />
                <SequencePoint vc="0" uspid="153" ordinal="19" offset="169" sl="32" sc="13" el="32" ec="46" bec="0" bev="0" fileid="6" />
                <SequencePoint vc="0" uspid="154" ordinal="20" offset="176" sl="33" sc="13" el="33" ec="59" bec="0" bev="0" fileid="6" />
                <SequencePoint vc="0" uspid="155" ordinal="21" offset="191" sl="35" sc="13" el="35" ec="47" bec="0" bev="0" fileid="6" />
                <SequencePoint vc="0" uspid="156" ordinal="22" offset="198" sl="36" sc="13" el="36" ec="54" bec="0" bev="0" fileid="6" />
                <SequencePoint vc="0" uspid="157" ordinal="23" offset="220" sl="37" sc="13" el="37" ec="44" bec="0" bev="0" fileid="6" />
                <SequencePoint vc="0" uspid="158" ordinal="24" offset="229" sl="39" sc="13" el="39" ec="35" bec="0" bev="0" fileid="6" />
                <SequencePoint vc="0" uspid="159" ordinal="25" offset="237" sl="41" sc="13" el="41" ec="14" bec="0" bev="0" fileid="6" />
                <SequencePoint vc="0" uspid="160" ordinal="26" offset="238" sl="42" sc="17" el="42" ec="98" bec="0" bev="0" fileid="6" />
                <SequencePoint vc="0" uspid="161" ordinal="27" offset="275" sl="43" sc="17" el="43" ec="122" bec="0" bev="0" fileid="6" />
                <SequencePoint vc="0" uspid="162" ordinal="28" offset="286" sl="44" sc="17" el="44" ec="46" bec="0" bev="0" fileid="6" />
                <SequencePoint vc="0" uspid="163" ordinal="29" offset="293" sl="46" sc="17" el="46" ec="32" bec="10" bev="0" fileid="6" />
                <SequencePoint vc="0" uspid="164" ordinal="30" offset="382" sl="49" sc="25" el="49" ec="69" bec="0" bev="0" fileid="6" />
                <SequencePoint vc="0" uspid="165" ordinal="31" offset="393" sl="50" sc="25" el="50" ec="51" bec="0" bev="0" fileid="6" />
                <SequencePoint vc="0" uspid="166" ordinal="32" offset="400" sl="51" sc="25" el="51" ec="83" bec="0" bev="0" fileid="6" />
                <SequencePoint vc="0" uspid="167" ordinal="33" offset="420" sl="52" sc="25" el="52" ec="31" bec="0" bev="0" fileid="6" />
                <SequencePoint vc="0" uspid="168" ordinal="34" offset="425" sl="55" sc="25" el="55" ec="69" bec="0" bev="0" fileid="6" />
                <SequencePoint vc="0" uspid="169" ordinal="35" offset="436" sl="56" sc="25" el="56" ec="51" bec="0" bev="0" fileid="6" />
                <SequencePoint vc="0" uspid="170" ordinal="36" offset="443" sl="57" sc="25" el="57" ec="54" bec="0" bev="0" fileid="6" />
                <SequencePoint vc="0" uspid="171" ordinal="37" offset="454" sl="59" sc="25" el="59" ec="87" bec="0" bev="0" fileid="6" />
                <SequencePoint vc="0" uspid="172" ordinal="38" offset="474" sl="60" sc="25" el="60" ec="31" bec="0" bev="0" fileid="6" />
                <SequencePoint vc="0" uspid="173" ordinal="39" offset="476" sl="62" sc="25" el="62" ec="44" bec="0" bev="0" fileid="6" />
                <SequencePoint vc="0" uspid="174" ordinal="40" offset="484" sl="63" sc="25" el="63" ec="31" bec="0" bev="0" fileid="6" />
                <SequencePoint vc="0" uspid="175" ordinal="41" offset="486" sl="65" sc="25" el="65" ec="82" bec="0" bev="0" fileid="6" />
                <SequencePoint vc="0" uspid="176" ordinal="42" offset="518" sl="66" sc="25" el="66" ec="31" bec="0" bev="0" fileid="6" />
                <SequencePoint vc="0" uspid="177" ordinal="43" offset="520" sl="68" sc="25" el="68" ec="69" bec="0" bev="0" fileid="6" />
                <SequencePoint vc="0" uspid="178" ordinal="44" offset="531" sl="69" sc="25" el="69" ec="51" bec="0" bev="0" fileid="6" />
                <SequencePoint vc="0" uspid="179" ordinal="45" offset="538" sl="70" sc="25" el="70" ec="88" bec="0" bev="0" fileid="6" />
                <SequencePoint vc="0" uspid="180" ordinal="46" offset="558" sl="71" sc="25" el="71" ec="31" bec="0" bev="0" fileid="6" />
                <SequencePoint vc="0" uspid="181" ordinal="47" offset="560" sl="73" sc="25" el="73" ec="97" bec="0" bev="0" fileid="6" />
                <SequencePoint vc="0" uspid="182" ordinal="48" offset="571" sl="74" sc="25" el="74" ec="31" bec="0" bev="0" fileid="6" />
                <SequencePoint vc="0" uspid="183" ordinal="49" offset="573" sl="77" sc="13" el="77" ec="14" bec="0" bev="0" fileid="6" />
                <SequencePoint vc="0" uspid="184" ordinal="50" offset="574" sl="40" sc="13" el="40" ec="52" bec="2" bev="0" fileid="6" />
                <SequencePoint vc="0" uspid="185" ordinal="51" offset="593" sl="78" sc="9" el="78" ec="10" bec="0" bev="0" fileid="6" />
              </SequencePoints>
              <BranchPoints>
                <BranchPoint vc="0" uspid="186" ordinal="0" offset="313" sl="46" path="0" offsetend="315" fileid="6" />
                <BranchPoint vc="0" uspid="187" ordinal="1" offset="313" sl="46" path="1" offsetend="382" fileid="6" />
                <BranchPoint vc="0" uspid="188" ordinal="2" offset="327" sl="46" path="0" offsetend="329" fileid="6" />
                <BranchPoint vc="0" uspid="189" ordinal="3" offset="327" sl="46" path="1" offsetend="425" fileid="6" />
                <BranchPoint vc="0" uspid="190" ordinal="4" offset="341" sl="46" path="0" offsetend="346" fileid="6" />
                <BranchPoint vc="0" uspid="191" ordinal="5" offset="341" sl="46" path="1" offsetend="476" fileid="6" />
                <BranchPoint vc="0" uspid="192" ordinal="6" offset="358" sl="46" path="0" offsetend="360" fileid="6" />
                <BranchPoint vc="0" uspid="193" ordinal="7" offset="358" sl="46" path="1" offsetend="486" fileid="6" />
                <BranchPoint vc="0" uspid="194" ordinal="8" offset="372" sl="46" path="0" offsetchain="377" offsetend="560" fileid="6" />
                <BranchPoint vc="0" uspid="195" ordinal="9" offset="372" sl="46" path="1" offsetend="520" fileid="6" />
                <BranchPoint vc="0" uspid="196" ordinal="10" offset="588" sl="40" path="0" offsetend="593" fileid="6" />
                <BranchPoint vc="0" uspid="197" ordinal="11" offset="588" sl="40" path="1" offsetend="237" fileid="6" />
              </BranchPoints>
              <MethodPoint xsi:type="SequencePoint" vc="0" uspid="134" ordinal="0" offset="0" sl="12" sc="9" el="12" ec="10" bec="0" bev="0" fileid="6" />
            </Method>
            <Method visited="false" cyclomaticComplexity="1" nPathComplexity="0" sequenceCoverage="0" branchCoverage="0" crapScore="2" isConstructor="true" isStatic="false" isGetter="false" isSetter="false">
              <Summary numSequencePoints="0" visitedSequencePoints="0" numBranchPoints="0" visitedBranchPoints="0" sequenceCoverage="0" branchCoverage="0" maxCyclomaticComplexity="1" minCyclomaticComplexity="1" maxCrapScore="2" minCrapScore="2" visitedClasses="0" numClasses="0" visitedMethods="0" numMethods="0" />
              <MetadataToken>100663327</MetadataToken>
              <Name>System.Void LAB1.Program::.ctor()</Name>
              <SequencePoints />
              <BranchPoints />
              <MethodPoint vc="0" uspid="198" ordinal="0" offset="0" />
            </Method>
          </Methods>
        </Class>
        <Class>
          <Summary numSequencePoints="10" visitedSequencePoints="0" numBranchPoints="6" visitedBranchPoints="0" sequenceCoverage="0" branchCoverage="0" maxCyclomaticComplexity="3" minCyclomaticComplexity="1" maxCrapScore="12" minCrapScore="2" visitedClasses="0" numClasses="1" visitedMethods="0" numMethods="2" />
          <FullName>LAB1.SingleAnswerQuestion</FullName>
          <Methods>
            <Method visited="false" cyclomaticComplexity="3" nPathComplexity="4" sequenceCoverage="0" branchCoverage="0" crapScore="12" isConstructor="false" isStatic="false" isGetter="false" isSetter="false">
              <Summary numSequencePoints="7" visitedSequencePoints="0" numBranchPoints="5" visitedBranchPoints="0" sequenceCoverage="0" branchCoverage="0" maxCyclomaticComplexity="3" minCyclomaticComplexity="3" maxCrapScore="12" minCrapScore="12" visitedClasses="0" numClasses="0" visitedMethods="0" numMethods="1" />
              <MetadataToken>100663328</MetadataToken>
              <Name>System.Int32 LAB1.SingleAnswerQuestion::getPoints(System.String)</Name>
              <FileRef uid="7" />
              <SequencePoints>
                <SequencePoint vc="0" uspid="199" ordinal="0" offset="0" sl="13" sc="9" el="13" ec="10" bec="0" bev="0" fileid="7" />
                <SequencePoint vc="0" uspid="200" ordinal="1" offset="1" sl="14" sc="13" el="14" ec="32" bec="2" bev="0" fileid="7" />
                <SequencePoint vc="0" uspid="201" ordinal="2" offset="9" sl="15" sc="17" el="15" ec="26" bec="0" bev="0" fileid="7" />
                <SequencePoint vc="0" uspid="202" ordinal="3" offset="13" sl="16" sc="13" el="16" ec="44" bec="2" bev="0" fileid="7" />
                <SequencePoint vc="0" uspid="203" ordinal="4" offset="32" sl="17" sc="17" el="17" ec="36" bec="0" bev="0" fileid="7" />
                <SequencePoint vc="0" uspid="204" ordinal="5" offset="41" sl="18" sc="18" el="18" ec="27" bec="0" bev="0" fileid="7" />
                <SequencePoint vc="0" uspid="205" ordinal="6" offset="45" sl="20" sc="9" el="20" ec="10" bec="0" bev="0" fileid="7" />
              </SequencePoints>
              <BranchPoints>
                <BranchPoint vc="0" uspid="206" ordinal="0" offset="7" sl="14" path="0" offsetend="9" fileid="7" />
                <BranchPoint vc="0" uspid="207" ordinal="1" offset="7" sl="14" path="1" offsetend="13" fileid="7" />
                <BranchPoint vc="0" uspid="208" ordinal="2" offset="30" sl="16" path="0" offsetend="32" fileid="7" />
                <BranchPoint vc="0" uspid="209" ordinal="3" offset="30" sl="16" path="1" offsetend="41" fileid="7" />
              </BranchPoints>
              <MethodPoint xsi:type="SequencePoint" vc="0" uspid="199" ordinal="0" offset="0" sl="13" sc="9" el="13" ec="10" bec="0" bev="0" fileid="7" />
            </Method>
            <Method visited="false" cyclomaticComplexity="1" nPathComplexity="0" sequenceCoverage="0" branchCoverage="0" crapScore="2" isConstructor="false" isStatic="false" isGetter="false" isSetter="false">
              <Summary numSequencePoints="3" visitedSequencePoints="0" numBranchPoints="1" visitedBranchPoints="0" sequenceCoverage="0" branchCoverage="0" maxCyclomaticComplexity="1" minCyclomaticComplexity="1" maxCrapScore="2" minCrapScore="2" visitedClasses="0" numClasses="0" visitedMethods="0" numMethods="1" />
              <MetadataToken>100663329</MetadataToken>
              <Name>System.String LAB1.SingleAnswerQuestion::getCorrectAnswerString()</Name>
              <FileRef uid="7" />
              <SequencePoints>
                <SequencePoint vc="0" uspid="210" ordinal="0" offset="0" sl="22" sc="9" el="22" ec="10" bec="0" bev="0" fileid="7" />
                <SequencePoint vc="0" uspid="211" ordinal="1" offset="1" sl="23" sc="13" el="23" ec="45" bec="0" bev="0" fileid="7" />
                <SequencePoint vc="0" uspid="212" ordinal="2" offset="15" sl="24" sc="9" el="24" ec="10" bec="0" bev="0" fileid="7" />
              </SequencePoints>
              <BranchPoints />
              <MethodPoint xsi:type="SequencePoint" vc="0" uspid="210" ordinal="0" offset="0" sl="22" sc="9" el="22" ec="10" bec="0" bev="0" fileid="7" />
            </Method>
            <Method visited="false" cyclomaticComplexity="1" nPathComplexity="0" sequenceCoverage="0" branchCoverage="0" crapScore="2" isConstructor="true" isStatic="false" isGetter="false" isSetter="false">
              <Summary numSequencePoints="0" visitedSequencePoints="0" numBranchPoints="0" visitedBranchPoints="0" sequenceCoverage="0" branchCoverage="0" maxCyclomaticComplexity="1" minCyclomaticComplexity="1" maxCrapScore="2" minCrapScore="2" visitedClasses="0" numClasses="0" visitedMethods="0" numMethods="0" />
              <MetadataToken>100663330</MetadataToken>
              <Name>System.Void LAB1.SingleAnswerQuestion::.ctor()</Name>
              <SequencePoints />
              <BranchPoints />
              <MethodPoint vc="0" uspid="213" ordinal="0" offset="0" />
            </Method>
          </Methods>
        </Class>
        <Class>
          <Summary numSequencePoints="33" visitedSequencePoints="0" numBranchPoints="15" visitedBranchPoints="0" sequenceCoverage="0" branchCoverage="0" maxCyclomaticComplexity="3" minCyclomaticComplexity="1" maxCrapScore="12" minCrapScore="2" visitedClasses="0" numClasses="1" visitedMethods="0" numMethods="11" />
          <FullName>LAB1.Student</FullName>
          <Methods>
            <Method visited="false" cyclomaticComplexity="1" nPathComplexity="0" sequenceCoverage="0" branchCoverage="0" crapScore="2" isConstructor="true" isStatic="false" isGetter="false" isSetter="false">
              <Summary numSequencePoints="4" visitedSequencePoints="0" numBranchPoints="1" visitedBranchPoints="0" sequenceCoverage="0" branchCoverage="0" maxCyclomaticComplexity="1" minCyclomaticComplexity="1" maxCrapScore="2" minCrapScore="2" visitedClasses="0" numClasses="0" visitedMethods="0" numMethods="1" />
              <MetadataToken>100663331</MetadataToken>
              <Name>System.Void LAB1.Student::.ctor()</Name>
              <FileRef uid="8" />
              <SequencePoints>
                <SequencePoint vc="0" uspid="214" ordinal="0" offset="0" sl="13" sc="9" el="13" ec="25" bec="0" bev="0" fileid="8" />
                <SequencePoint vc="0" uspid="215" ordinal="1" offset="7" sl="14" sc="9" el="14" ec="10" bec="0" bev="0" fileid="8" />
                <SequencePoint vc="0" uspid="216" ordinal="2" offset="8" sl="15" sc="13" el="15" ec="46" bec="0" bev="0" fileid="8" />
                <SequencePoint vc="0" uspid="217" ordinal="3" offset="19" sl="16" sc="9" el="16" ec="10" bec="0" bev="0" fileid="8" />
              </SequencePoints>
              <BranchPoints />
              <MethodPoint xsi:type="SequencePoint" vc="0" uspid="214" ordinal="0" offset="0" sl="13" sc="9" el="13" ec="25" bec="0" bev="0" fileid="8" />
            </Method>
            <Method visited="false" cyclomaticComplexity="1" nPathComplexity="0" sequenceCoverage="0" branchCoverage="0" crapScore="2" isConstructor="false" isStatic="false" isGetter="false" isSetter="false">
              <Summary numSequencePoints="3" visitedSequencePoints="0" numBranchPoints="1" visitedBranchPoints="0" sequenceCoverage="0" branchCoverage="0" maxCyclomaticComplexity="1" minCyclomaticComplexity="1" maxCrapScore="2" minCrapScore="2" visitedClasses="0" numClasses="0" visitedMethods="0" numMethods="1" />
              <MetadataToken>100663332</MetadataToken>
              <Name>System.Void LAB1.Student::AssignExam(LAB1.Exam)</Name>
              <FileRef uid="8" />
              <SequencePoints>
                <SequencePoint vc="0" uspid="218" ordinal="0" offset="0" sl="18" sc="9" el="18" ec="10" bec="0" bev="0" fileid="8" />
                <SequencePoint vc="0" uspid="219" ordinal="1" offset="1" sl="19" sc="13" el="19" ec="37" bec="0" bev="0" fileid="8" />
                <SequencePoint vc="0" uspid="220" ordinal="2" offset="14" sl="21" sc="9" el="21" ec="10" bec="0" bev="0" fileid="8" />
              </SequencePoints>
              <BranchPoints />
              <MethodPoint xsi:type="SequencePoint" vc="0" uspid="218" ordinal="0" offset="0" sl="18" sc="9" el="18" ec="10" bec="0" bev="0" fileid="8" />
            </Method>
            <Method visited="false" cyclomaticComplexity="1" nPathComplexity="0" sequenceCoverage="0" branchCoverage="0" crapScore="2" isConstructor="false" isStatic="false" isGetter="false" isSetter="false">
              <Summary numSequencePoints="2" visitedSequencePoints="0" numBranchPoints="1" visitedBranchPoints="0" sequenceCoverage="0" branchCoverage="0" maxCyclomaticComplexity="1" minCyclomaticComplexity="1" maxCrapScore="2" minCrapScore="2" visitedClasses="0" numClasses="0" visitedMethods="0" numMethods="1" />
              <MetadataToken>100663333</MetadataToken>
              <Name>System.Void LAB1.Student::LogIn()</Name>
              <FileRef uid="8" />
              <SequencePoints>
                <SequencePoint vc="0" uspid="221" ordinal="0" offset="0" sl="23" sc="9" el="23" ec="10" bec="0" bev="0" fileid="8" />
                <SequencePoint vc="0" uspid="222" ordinal="1" offset="1" sl="24" sc="13" el="24" ec="49" bec="0" bev="0" fileid="8" />
              </SequencePoints>
              <BranchPoints />
              <MethodPoint xsi:type="SequencePoint" vc="0" uspid="221" ordinal="0" offset="0" sl="23" sc="9" el="23" ec="10" bec="0" bev="0" fileid="8" />
            </Method>
            <Method visited="false" cyclomaticComplexity="1" nPathComplexity="0" sequenceCoverage="0" branchCoverage="0" crapScore="2" isConstructor="false" isStatic="false" isGetter="false" isSetter="false">
              <Summary numSequencePoints="3" visitedSequencePoints="0" numBranchPoints="1" visitedBranchPoints="0" sequenceCoverage="0" branchCoverage="0" maxCyclomaticComplexity="1" minCyclomaticComplexity="1" maxCrapScore="2" minCrapScore="2" visitedClasses="0" numClasses="0" visitedMethods="0" numMethods="1" />
              <MetadataToken>100663334</MetadataToken>
              <Name>System.Void LAB1.Student::answerQuestion(System.Int32,System.String)</Name>
              <FileRef uid="8" />
              <SequencePoints>
                <SequencePoint vc="0" uspid="223" ordinal="0" offset="0" sl="27" sc="9" el="27" ec="10" bec="0" bev="0" fileid="8" />
                <SequencePoint vc="0" uspid="224" ordinal="1" offset="1" sl="28" sc="13" el="28" ec="63" bec="0" bev="0" fileid="8" />
                <SequencePoint vc="0" uspid="225" ordinal="2" offset="15" sl="29" sc="9" el="29" ec="10" bec="0" bev="0" fileid="8" />
              </SequencePoints>
              <BranchPoints />
              <MethodPoint xsi:type="SequencePoint" vc="0" uspid="223" ordinal="0" offset="0" sl="27" sc="9" el="27" ec="10" bec="0" bev="0" fileid="8" />
            </Method>
            <Method visited="false" cyclomaticComplexity="1" nPathComplexity="0" sequenceCoverage="0" branchCoverage="0" crapScore="2" isConstructor="false" isStatic="false" isGetter="false" isSetter="false">
              <Summary numSequencePoints="3" visitedSequencePoints="0" numBranchPoints="1" visitedBranchPoints="0" sequenceCoverage="0" branchCoverage="0" maxCyclomaticComplexity="1" minCyclomaticComplexity="1" maxCrapScore="2" minCrapScore="2" visitedClasses="0" numClasses="0" visitedMethods="0" numMethods="1" />
              <MetadataToken>100663335</MetadataToken>
              <Name>System.String LAB1.Student::getQuestion(System.Int32)</Name>
              <FileRef uid="8" />
              <SequencePoints>
                <SequencePoint vc="0" uspid="226" ordinal="0" offset="0" sl="31" sc="9" el="31" ec="10" bec="0" bev="0" fileid="8" />
                <SequencePoint vc="0" uspid="227" ordinal="1" offset="1" sl="32" sc="13" el="32" ec="67" bec="0" bev="0" fileid="8" />
                <SequencePoint vc="0" uspid="228" ordinal="2" offset="16" sl="33" sc="9" el="33" ec="10" bec="0" bev="0" fileid="8" />
              </SequencePoints>
              <BranchPoints />
              <MethodPoint xsi:type="SequencePoint" vc="0" uspid="226" ordinal="0" offset="0" sl="31" sc="9" el="31" ec="10" bec="0" bev="0" fileid="8" />
            </Method>
            <Method visited="false" cyclomaticComplexity="1" nPathComplexity="0" sequenceCoverage="0" branchCoverage="0" crapScore="2" isConstructor="false" isStatic="false" isGetter="false" isSetter="false">
              <Summary numSequencePoints="3" visitedSequencePoints="0" numBranchPoints="1" visitedBranchPoints="0" sequenceCoverage="0" branchCoverage="0" maxCyclomaticComplexity="1" minCyclomaticComplexity="1" maxCrapScore="2" minCrapScore="2" visitedClasses="0" numClasses="0" visitedMethods="0" numMethods="1" />
              <MetadataToken>100663336</MetadataToken>
              <Name>System.Single LAB1.Student::getGrade()</Name>
              <FileRef uid="8" />
              <SequencePoints>
                <SequencePoint vc="0" uspid="229" ordinal="0" offset="0" sl="35" sc="9" el="35" ec="10" bec="0" bev="0" fileid="8" />
                <SequencePoint vc="0" uspid="230" ordinal="1" offset="1" sl="36" sc="13" el="36" ec="50" bec="0" bev="0" fileid="8" />
                <SequencePoint vc="0" uspid="231" ordinal="2" offset="15" sl="38" sc="9" el="38" ec="10" bec="0" bev="0" fileid="8" />
              </SequencePoints>
              <BranchPoints />
              <MethodPoint xsi:type="SequencePoint" vc="0" uspid="229" ordinal="0" offset="0" sl="35" sc="9" el="35" ec="10" bec="0" bev="0" fileid="8" />
            </Method>
            <Method visited="false" cyclomaticComplexity="1" nPathComplexity="0" sequenceCoverage="0" branchCoverage="0" crapScore="2" isConstructor="false" isStatic="false" isGetter="false" isSetter="false">
              <Summary numSequencePoints="3" visitedSequencePoints="0" numBranchPoints="1" visitedBranchPoints="0" sequenceCoverage="0" branchCoverage="0" maxCyclomaticComplexity="1" minCyclomaticComplexity="1" maxCrapScore="2" minCrapScore="2" visitedClasses="0" numClasses="0" visitedMethods="0" numMethods="1" />
              <MetadataToken>100663337</MetadataToken>
              <Name>System.String LAB1.Student::getCorrectAnswer(System.Int32)</Name>
              <FileRef uid="8" />
              <SequencePoints>
                <SequencePoint vc="0" uspid="232" ordinal="0" offset="0" sl="40" sc="9" el="40" ec="10" bec="0" bev="0" fileid="8" />
                <SequencePoint vc="0" uspid="233" ordinal="1" offset="1" sl="41" sc="13" el="41" ec="69" bec="0" bev="0" fileid="8" />
                <SequencePoint vc="0" uspid="234" ordinal="2" offset="16" sl="42" sc="9" el="42" ec="10" bec="0" bev="0" fileid="8" />
              </SequencePoints>
              <BranchPoints />
              <MethodPoint xsi:type="SequencePoint" vc="0" uspid="232" ordinal="0" offset="0" sl="40" sc="9" el="40" ec="10" bec="0" bev="0" fileid="8" />
            </Method>
            <Method visited="false" cyclomaticComplexity="1" nPathComplexity="0" sequenceCoverage="0" branchCoverage="0" crapScore="2" isConstructor="false" isStatic="false" isGetter="false" isSetter="false">
              <Summary numSequencePoints="3" visitedSequencePoints="0" numBranchPoints="1" visitedBranchPoints="0" sequenceCoverage="0" branchCoverage="0" maxCyclomaticComplexity="1" minCyclomaticComplexity="1" maxCrapScore="2" minCrapScore="2" visitedClasses="0" numClasses="0" visitedMethods="0" numMethods="1" />
              <MetadataToken>100663338</MetadataToken>
              <Name>System.Int32 LAB1.Student::GetRemainingTime()</Name>
              <FileRef uid="8" />
              <SequencePoints>
                <SequencePoint vc="0" uspid="235" ordinal="0" offset="0" sl="44" sc="9" el="44" ec="10" bec="0" bev="0" fileid="8" />
                <SequencePoint vc="0" uspid="236" ordinal="1" offset="1" sl="45" sc="13" el="45" ec="56" bec="0" bev="0" fileid="8" />
                <SequencePoint vc="0" uspid="237" ordinal="2" offset="15" sl="46" sc="9" el="46" ec="10" bec="0" bev="0" fileid="8" />
              </SequencePoints>
              <BranchPoints />
              <MethodPoint xsi:type="SequencePoint" vc="0" uspid="235" ordinal="0" offset="0" sl="44" sc="9" el="44" ec="10" bec="0" bev="0" fileid="8" />
            </Method>
            <Method visited="false" cyclomaticComplexity="3" nPathComplexity="4" sequenceCoverage="0" branchCoverage="0" crapScore="12" isConstructor="false" isStatic="false" isGetter="false" isSetter="false">
              <Summary numSequencePoints="4" visitedSequencePoints="0" numBranchPoints="5" visitedBranchPoints="0" sequenceCoverage="0" branchCoverage="0" maxCyclomaticComplexity="3" minCyclomaticComplexity="3" maxCrapScore="12" minCrapScore="12" visitedClasses="0" numClasses="0" visitedMethods="0" numMethods="1" />
              <MetadataToken>100663339</MetadataToken>
              <Name>System.Void LAB1.Student::changeCurrentExam(System.Int32)</Name>
              <FileRef uid="8" />
              <SequencePoints>
                <SequencePoint vc="0" uspid="238" ordinal="0" offset="0" sl="48" sc="9" el="48" ec="10" bec="0" bev="0" fileid="8" />
                <SequencePoint vc="0" uspid="239" ordinal="1" offset="1" sl="49" sc="13" el="49" ec="57" bec="4" bev="0" fileid="8" />
                <SequencePoint vc="0" uspid="240" ordinal="2" offset="26" sl="50" sc="17" el="50" ec="52" bec="0" bev="0" fileid="8" />
                <SequencePoint vc="0" uspid="241" ordinal="3" offset="44" sl="51" sc="9" el="51" ec="10" bec="0" bev="0" fileid="8" />
              </SequencePoints>
              <BranchPoints>
                <BranchPoint vc="0" uspid="242" ordinal="0" offset="3" sl="49" path="0" offsetend="5" fileid="8" />
                <BranchPoint vc="0" uspid="243" ordinal="1" offset="3" sl="49" path="1" offsetend="21" fileid="8" />
                <BranchPoint vc="0" uspid="244" ordinal="2" offset="24" sl="49" path="0" offsetend="26" fileid="8" />
                <BranchPoint vc="0" uspid="245" ordinal="3" offset="24" sl="49" path="1" offsetend="44" fileid="8" />
              </BranchPoints>
              <MethodPoint xsi:type="SequencePoint" vc="0" uspid="238" ordinal="0" offset="0" sl="48" sc="9" el="48" ec="10" bec="0" bev="0" fileid="8" />
            </Method>
            <Method visited="false" cyclomaticComplexity="1" nPathComplexity="0" sequenceCoverage="0" branchCoverage="0" crapScore="2" isConstructor="false" isStatic="false" isGetter="false" isSetter="false">
              <Summary numSequencePoints="3" visitedSequencePoints="0" numBranchPoints="1" visitedBranchPoints="0" sequenceCoverage="0" branchCoverage="0" maxCyclomaticComplexity="1" minCyclomaticComplexity="1" maxCrapScore="2" minCrapScore="2" visitedClasses="0" numClasses="0" visitedMethods="0" numMethods="1" />
              <MetadataToken>100663340</MetadataToken>
              <Name>System.Void LAB1.Student::Submit()</Name>
              <FileRef uid="8" />
              <SequencePoints>
                <SequencePoint vc="0" uspid="246" ordinal="0" offset="0" sl="53" sc="9" el="53" ec="10" bec="0" bev="0" fileid="8" />
                <SequencePoint vc="0" uspid="247" ordinal="1" offset="1" sl="54" sc="13" el="54" ec="39" bec="0" bev="0" fileid="8" />
                <SequencePoint vc="0" uspid="248" ordinal="2" offset="13" sl="55" sc="9" el="55" ec="10" bec="0" bev="0" fileid="8" />
              </SequencePoints>
              <BranchPoints />
              <MethodPoint xsi:type="SequencePoint" vc="0" uspid="246" ordinal="0" offset="0" sl="53" sc="9" el="53" ec="10" bec="0" bev="0" fileid="8" />
            </Method>
            <Method visited="false" cyclomaticComplexity="1" nPathComplexity="0" sequenceCoverage="0" branchCoverage="0" crapScore="2" isConstructor="false" isStatic="false" isGetter="false" isSetter="false">
              <Summary numSequencePoints="2" visitedSequencePoints="0" numBranchPoints="1" visitedBranchPoints="0" sequenceCoverage="0" branchCoverage="0" maxCyclomaticComplexity="1" minCyclomaticComplexity="1" maxCrapScore="2" minCrapScore="2" visitedClasses="0" numClasses="0" visitedMethods="0" numMethods="1" />
              <MetadataToken>100663341</MetadataToken>
              <Name>System.Void LAB1.Student::LogOut()</Name>
              <FileRef uid="8" />
              <SequencePoints>
                <SequencePoint vc="0" uspid="249" ordinal="0" offset="0" sl="58" sc="9" el="58" ec="10" bec="0" bev="0" fileid="8" />
                <SequencePoint vc="0" uspid="250" ordinal="1" offset="1" sl="59" sc="13" el="59" ec="49" bec="0" bev="0" fileid="8" />
              </SequencePoints>
              <BranchPoints />
              <MethodPoint xsi:type="SequencePoint" vc="0" uspid="249" ordinal="0" offset="0" sl="58" sc="9" el="58" ec="10" bec="0" bev="0" fileid="8" />
            </Method>
          </Methods>
        </Class>
        <Class>
          <Summary numSequencePoints="10" visitedSequencePoints="0" numBranchPoints="10" visitedBranchPoints="0" sequenceCoverage="0" branchCoverage="0" maxCyclomaticComplexity="6" minCyclomaticComplexity="1" maxCrapScore="42" minCrapScore="2" visitedClasses="0" numClasses="1" visitedMethods="0" numMethods="2" />
          <FullName>LAB1.TrueFalseQuestion</FullName>
          <Methods>
            <Method visited="false" cyclomaticComplexity="6" nPathComplexity="16" sequenceCoverage="0" branchCoverage="0" crapScore="42" isConstructor="false" isStatic="false" isGetter="false" isSetter="false">
              <Summary numSequencePoints="7" visitedSequencePoints="0" numBranchPoints="9" visitedBranchPoints="0" sequenceCoverage="0" branchCoverage="0" maxCyclomaticComplexity="6" minCyclomaticComplexity="6" maxCrapScore="42" minCrapScore="42" visitedClasses="0" numClasses="0" visitedMethods="0" numMethods="1" />
              <MetadataToken>100663342</MetadataToken>
              <Name>System.Int32 LAB1.TrueFalseQuestion::getPoints(System.String)</Name>
              <FileRef uid="9" />
              <SequencePoints>
                <SequencePoint vc="0" uspid="251" ordinal="0" offset="0" sl="13" sc="9" el="13" ec="10" bec="0" bev="0" fileid="9" />
                <SequencePoint vc="0" uspid="252" ordinal="1" offset="1" sl="14" sc="13" el="14" ec="59" bec="4" bev="0" fileid="9" />
                <SequencePoint vc="0" uspid="253" ordinal="2" offset="27" sl="15" sc="17" el="15" ec="36" bec="0" bev="0" fileid="9" />
                <SequencePoint vc="0" uspid="254" ordinal="3" offset="36" sl="16" sc="18" el="16" ec="66" bec="4" bev="0" fileid="9" />
                <SequencePoint vc="0" uspid="255" ordinal="4" offset="65" sl="17" sc="17" el="17" ec="36" bec="0" bev="0" fileid="9" />
                <SequencePoint vc="0" uspid="256" ordinal="5" offset="74" sl="18" sc="18" el="18" ec="27" bec="0" bev="0" fileid="9" />
                <SequencePoint vc="0" uspid="257" ordinal="6" offset="78" sl="20" sc="9" el="20" ec="10" bec="0" bev="0" fileid="9" />
              </SequencePoints>
              <BranchPoints>
                <BranchPoint vc="0" uspid="258" ordinal="0" offset="12" sl="14" path="0" offsetend="14" fileid="9" />
                <BranchPoint vc="0" uspid="259" ordinal="1" offset="12" sl="14" path="1" offsetend="22" fileid="9" />
                <BranchPoint vc="0" uspid="260" ordinal="2" offset="25" sl="14" path="0" offsetend="27" fileid="9" />
                <BranchPoint vc="0" uspid="261" ordinal="3" offset="25" sl="14" path="1" offsetend="36" fileid="9" />
                <BranchPoint vc="0" uspid="262" ordinal="4" offset="47" sl="16" path="0" offsetend="49" fileid="9" />
                <BranchPoint vc="0" uspid="263" ordinal="5" offset="47" sl="16" path="1" offsetend="60" fileid="9" />
                <BranchPoint vc="0" uspid="264" ordinal="6" offset="63" sl="16" path="0" offsetend="65" fileid="9" />
                <BranchPoint vc="0" uspid="265" ordinal="7" offset="63" sl="16" path="1" offsetend="74" fileid="9" />
              </BranchPoints>
              <MethodPoint xsi:type="SequencePoint" vc="0" uspid="251" ordinal="0" offset="0" sl="13" sc="9" el="13" ec="10" bec="0" bev="0" fileid="9" />
            </Method>
            <Method visited="false" cyclomaticComplexity="1" nPathComplexity="0" sequenceCoverage="0" branchCoverage="0" crapScore="2" isConstructor="false" isStatic="false" isGetter="false" isSetter="false">
              <Summary numSequencePoints="3" visitedSequencePoints="0" numBranchPoints="1" visitedBranchPoints="0" sequenceCoverage="0" branchCoverage="0" maxCyclomaticComplexity="1" minCyclomaticComplexity="1" maxCrapScore="2" minCrapScore="2" visitedClasses="0" numClasses="0" visitedMethods="0" numMethods="1" />
              <MetadataToken>100663343</MetadataToken>
              <Name>System.String LAB1.TrueFalseQuestion::getCorrectAnswerString()</Name>
              <FileRef uid="9" />
              <SequencePoints>
                <SequencePoint vc="0" uspid="266" ordinal="0" offset="0" sl="22" sc="9" el="22" ec="10" bec="0" bev="0" fileid="9" />
                <SequencePoint vc="0" uspid="267" ordinal="1" offset="1" sl="23" sc="13" el="23" ec="45" bec="0" bev="0" fileid="9" />
                <SequencePoint vc="0" uspid="268" ordinal="2" offset="15" sl="24" sc="9" el="24" ec="10" bec="0" bev="0" fileid="9" />
              </SequencePoints>
              <BranchPoints />
              <MethodPoint xsi:type="SequencePoint" vc="0" uspid="266" ordinal="0" offset="0" sl="22" sc="9" el="22" ec="10" bec="0" bev="0" fileid="9" />
            </Method>
            <Method visited="false" cyclomaticComplexity="1" nPathComplexity="0" sequenceCoverage="0" branchCoverage="0" crapScore="2" isConstructor="true" isStatic="false" isGetter="false" isSetter="false">
              <Summary numSequencePoints="0" visitedSequencePoints="0" numBranchPoints="0" visitedBranchPoints="0" sequenceCoverage="0" branchCoverage="0" maxCyclomaticComplexity="1" minCyclomaticComplexity="1" maxCrapScore="2" minCrapScore="2" visitedClasses="0" numClasses="0" visitedMethods="0" numMethods="0" />
              <MetadataToken>100663344</MetadataToken>
              <Name>System.Void LAB1.TrueFalseQuestion::.ctor()</Name>
              <SequencePoints />
              <BranchPoints />
              <MethodPoint vc="0" uspid="269" ordinal="0" offset="0" />
            </Method>
          </Methods>
        </Class>
      </Classes>
    </Module>
  </Modules>
</CoverageSession>